<?xml version="1.0" encoding="UTF-8"?>
<!-- Generated by org.testng.reporters.JUnitXMLReporter -->
<testsuite ignored="0" hostname="DESKTOP-SK98M2H" failures="0" tests="6" name="Default test" time="5.112" errors="0" timestamp="2022-07-11T18:49:15 NZST">
  <testcase classname="DynamicJson" name="addBook" time="2.0"/>
  <testcase classname="DynamicJson" name="addBook" time="0.609"/>
  <testcase classname="DynamicJson" name="addBook" time="0.613"/>
  <testcase classname="DynamicJson" name="deleteBook" time="0.606"/>
  <testcase classname="DynamicJson" name="deleteBook" time="0.636"/>
  <testcase classname="DynamicJson" name="deleteBook" time="0.604"/>
</testsuite> <!-- Default test -->
